0 silly input [ 'start' ]
1 silly flags { _: [ 'run' ],
1 silly flags   'reject-cycles': false,
1 silly flags   rejectCycles: false,
1 silly flags   stream: true,
1 silly flags   parallel: true,
1 silly flags   script: 'start',
1 silly flags   args: [] }
2 verbose rootPath /Users/kostis/Projects/agile-actors
3 info version 2.9.0
4 silly existsSync /Users/kostis/Projects/agile-actors/VERSION
5 silly initialize attempt
6 silly initialize success
7 silly execute attempt
8 info run in 2 package(s): npm run start
9 silly runScriptInPackageStreaming [ 'start', [], '@agile-actors/client' ]
10 silly getExecOpts { cwd: '/Users/kostis/Projects/agile-actors/packages/agile-actors-client' }
11 silly runScriptInPackageStreaming [ 'start', [], '@agile-actors/server' ]
12 silly getExecOpts { cwd: '/Users/kostis/Projects/agile-actors/packages/agile-actors-server' }
13 error execute callback with error
14 error Error: Command failed: yarn run start
14 error Starting inspector on 127.0.0.1:9229 failed: address already in use
14 error error An unexpected error occurred: "Command failed.
14 error Exit code: 12
14 error Command: sh
14 error Arguments: -c rm -rf rethinkdb_data && npm run build && cross-env AGILE_ACTOR_CONFIG_FILE=./agile-actor-config.json node --inspect main.js
14 error Directory: /Users/kostis/Projects/agile-actors/packages/agile-actors-server
14 error Output:
14 error ".
14 error
14 error $ rm -rf rethinkdb_data && npm run build && cross-env AGILE_ACTOR_CONFIG_FILE=./agile-actor-config.json node --inspect main.js
14 error
14 error > @agile-actors/server@1.0.0 build /Users/kostis/Projects/agile-actors/packages/agile-actors-server
14 error > babel config --out-dir dist/config && babel src --out-dir dist/src
14 error
14 error config/config.js -> dist/config/config.js
14 error config/env/common.js -> dist/config/env/common.js
14 error config/env/development.js -> dist/config/env/development.js
14 error config/env/production.js -> dist/config/env/production.js
14 error config/env/test.js -> dist/config/env/test.js
14 error config/index.js -> dist/config/index.js
14 error src/commons/actions/ActionsStream.js -> dist/src/commons/actions/ActionsStream.js
14 error src/commons/actions/index.js -> dist/src/commons/actions/index.js
14 error src/commons/actions/operators/emit.js -> dist/src/commons/actions/operators/emit.js
14 error src/commons/actions/operators/index.js -> dist/src/commons/actions/operators/index.js
14 error src/commons/actions/operators/ofType.js -> dist/src/commons/actions/operators/ofType.js
14 error src/commons/actions/operators/request.js -> dist/src/commons/actions/operators/request.js
14 error src/commons/actions/utils/combineEpics.js -> dist/src/commons/actions/utils/combineEpics.js
14 error src/commons/actions/utils/index.js -> dist/src/commons/actions/utils/index.js
14 error src/commons/model/index.js -> dist/src/commons/model/index.js
14 error src/commons/model/password.js -> dist/src/commons/model/password.js
14 error src/commons/model/thinky.js -> dist/src/commons/model/thinky.js
14 error src/commons/services/index.js -> dist/src/commons/services/index.js
14 error src/commons/services/system/actions.js -> dist/src/commons/services/system/actions.js
14 error src/commons/services/system/epics.js -> dist/src/commons/services/system/epics.js
14 error src/commons/services/system/index.js -> dist/src/commons/services/system/index.js
14 error src/commons/services/system/middleware/handleActions.js -> dist/src/commons/services/system/middleware/handleActions.js
14 error src/commons/services/system/middleware/index.js -> dist/src/commons/services/system/middleware/index.js
14 error src/commons/services/system/rest/controllers.js -> dist/src/commons/services/system/rest/controllers.js
14 error src/commons/services/system/rest/routes.js -> dist/src/commons/services/system/rest/routes.js
14 error src/commons/services/system/utils/emitAction.js -> dist/src/commons/services/system/utils/emitAction.js
14 error src/commons/services/system/utils/index.js -> dist/src/commons/services/system/utils/index.js
14 error src/commons/services/system/utils/logAction.js -> dist/src/commons/services/system/utils/logAction.js
14 error src/commons/services/system/utils/resolveRequest.js -> dist/src/commons/services/system/utils/resolveRequest.js
14 error src/commons/utils/console.js -> dist/src/commons/utils/console.js
14 error src/commons/utils/extractSessionId.js -> dist/src/commons/utils/extractSessionId.js
14 error src/commons/utils/index.js -> dist/src/commons/utils/index.js
14 error src/commons/utils/omit.js -> dist/src/commons/utils/omit.js
14 error src/models/index.js -> dist/src/models/index.js
14 error src/models/user/index.js -> dist/src/models/user/index.js
14 error src/models/user/user.js -> dist/src/models/user/user.js
14 error src/server/index.js -> dist/src/server/index.js
14 error src/server/middleware/handleAppRoutes.js -> dist/src/server/middleware/handleAppRoutes.js
14 error src/server/middleware/handleError.js -> dist/src/server/middleware/handleError.js
14 error src/server/middleware/index.js -> dist/src/server/middleware/index.js
14 error src/server/server.js -> dist/src/server/server.js
14 error src/server/setupServer.js -> dist/src/server/setupServer.js
14 error src/server/setupSockets.js -> dist/src/server/setupSockets.js
14 error src/services/authentication/actions.js -> dist/src/services/authentication/actions.js
14 error src/services/authentication/epics.js -> dist/src/services/authentication/epics.js
14 error src/services/authentication/index.js -> dist/src/services/authentication/index.js
14 error src/services/authentication/middleware/index.js -> dist/src/services/authentication/middleware/index.js
14 error src/services/authentication/middleware/passport/index.js -> dist/src/services/authentication/middleware/passport/index.js
14 error src/services/authentication/middleware/passport/passport.js -> dist/src/services/authentication/middleware/passport/passport.js
14 error src/services/authentication/middleware/passport/providers/facebook.js -> dist/src/services/authentication/middleware/passport/providers/facebook.js
14 error src/services/authentication/middleware/passport/providers/github.js -> dist/src/services/authentication/middleware/passport/providers/github.js
14 error src/services/authentication/middleware/passport/providers/google.js -> dist/src/services/authentication/middleware/passport/providers/google.js
14 error src/services/authentication/middleware/passport/providers/index.js -> dist/src/services/authentication/middleware/passport/providers/index.js
14 error src/services/authentication/middleware/passport/providers/linkedin.js -> dist/src/services/authentication/middleware/passport/providers/linkedin.js
14 error src/services/authentication/middleware/passport/providers/local.js -> dist/src/services/authentication/middleware/passport/providers/local.js
14 error src/services/authentication/rest/controllers.js -> dist/src/services/authentication/rest/controllers.js
14 error src/services/authentication/rest/routes.js -> dist/src/services/authentication/rest/routes.js
14 error src/services/authentication/utils/createToken.js -> dist/src/services/authentication/utils/createToken.js
14 error src/services/authentication/utils/createUser.js -> dist/src/services/authentication/utils/createUser.js
14 error src/services/authentication/utils/extractPayload.js -> dist/src/services/authentication/utils/extractPayload.js
14 error src/services/authentication/utils/getToken.js -> dist/src/services/authentication/utils/getToken.js
14 error src/services/authentication/utils/getUser.js -> dist/src/services/authentication/utils/getUser.js
14 error src/services/authentication/utils/index.js -> dist/src/services/authentication/utils/index.js
14 error src/services/authentication/utils/tokenFromUser.js -> dist/src/services/authentication/utils/tokenFromUser.js
14 error src/services/authentication/utils/transformUser.js -> dist/src/services/authentication/utils/transformUser.js
14 error src/services/authentication/utils/updateUser.js -> dist/src/services/authentication/utils/updateUser.js
14 error src/services/authentication/utils/verifyToken.js -> dist/src/services/authentication/utils/verifyToken.js
14 error src/services/client-config/actions.js -> dist/src/services/client-config/actions.js
14 error src/services/client-config/epics.js -> dist/src/services/client-config/epics.js
14 error src/services/client-config/index.js -> dist/src/services/client-config/index.js
14 error src/services/contact-form/actions.js -> dist/src/services/contact-form/actions.js
14 error src/services/contact-form/epics.js -> dist/src/services/contact-form/epics.js
14 error src/services/contact-form/index.js -> dist/src/services/contact-form/index.js
14 error src/services/contact-form/utils/index.js -> dist/src/services/contact-form/utils/index.js
14 error src/services/contact-form/utils/sendEmail.js -> dist/src/services/contact-form/utils/sendEmail.js
14 error src/services/content/actions.js -> dist/src/services/content/actions.js
14 error src/services/content/epics.js -> dist/src/services/content/epics.js
14 error src/services/content/index.js -> dist/src/services/content/index.js
14 error src/services/index.js -> dist/src/services/index.js
14 error info If you think this is a bug, please open a bug report with the information provided in "/Users/kostis/Projects/agile-actors/packages/agile-actors-server/yarn-error.log".
14 error info Visit https://yarnpkg.com/en/docs/cli/run for documentation about this command.
14 error
14 error     at Promise.all.then.arr (/Users/kostis/Projects/agile-actors/node_modules/lerna/node_modules/execa/index.js:236:11)
14 error     at <anonymous>
